<html>
<head>
<title>TestNG:  Test3</title>
<link href="../testng.css" rel="stylesheet" type="text/css" />
<link href="../my-testng.css" rel="stylesheet" type="text/css" />

<style type="text/css">
.log { display: none;} 
.stack-trace { display: none;} 
</style>
<script type="text/javascript">
<!--
function flip(e) {
  current = e.style.display;
  if (current == 'block') {
    e.style.display = 'none';
    return 0;
  }
  else {
    e.style.display = 'block';
    return 1;
  }
}

function toggleBox(szDivId, elem, msg1, msg2)
{
  var res = -1;  if (document.getElementById) {
    res = flip(document.getElementById(szDivId));
  }
  else if (document.all) {
    // this is the way old msie versions work
    res = flip(document.all[szDivId]);
  }
  if(elem) {
    if(res == 0) elem.innerHTML = msg1; else elem.innerHTML = msg2;
  }

}

function toggleAllBoxes() {
  if (document.getElementsByTagName) {
    d = document.getElementsByTagName('div');
    for (i = 0; i < d.length; i++) {
      if (d[i].className == 'log') {
        flip(d[i]);
      }
    }
  }
}

// -->
</script>

</head>
<body>
<h2 align='center'>Test3</h2><table border='1' align="center">
<tr>
<td>Tests passed/Failed/Skipped:</td><td>6/1/0</td>
</tr><tr>
<td>Started on:</td><td>Sat Apr 17 10:02:48 IST 2021</td>
</tr>
<tr><td>Total time:</td><td>67 seconds (67719 ms)</td>
</tr><tr>
<td>Included groups:</td><td></td>
</tr><tr>
<td>Excluded groups:</td><td></td>
</tr>
</table><p/>
<small><i>(Hover the method name to see the test class name)</i></small><p/>
<table width='100%' border='1' class='invocation-failed'>
<tr><td colspan='4' align='center'><b>FAILED TESTS</b></td></tr>
<tr><td><b>Test method</b></td>
<td width="30%"><b>Exception</b></td>
<td width="10%"><b>Time (seconds)</b></td>
<td><b>Instance</b></td>
</tr>
<tr>
<td title='Runner_Files.Signup_positive_scenarios_runner.runScenario()'><b>runScenario</b><br>Test class: Runner_Files.Signup_positive_scenarios_runner<br>Test method: Runs Cucumber Scenarios<br>Parameters: "Validate user should be navigated to the otp Login page", "Optional[User must be able to Signup with valid credentials]"</td>
<td><div><pre>org.openqa.selenium.NoSuchWindowException: no such window: target window already closed
from unknown error: web view not found
  (Session info: chrome=90.0.4430.72)
Build info: version: &apos;3.12.0&apos;, revision: &apos;7c6e0b3&apos;, time: &apos;2018-05-08T14:04:26.12Z&apos;
System info: host: &apos;DELL-L4N91MT&apos;, ip: &apos;192.168.43.141&apos;, os.name: &apos;Windows 10&apos;, os.arch: &apos;amd64&apos;, os.version: &apos;10.0&apos;, java.version: &apos;1.8.0_281&apos;
Driver info: org.openqa.selenium.chrome.ChromeDriver
Capabilities {acceptInsecureCerts: false, browserName: chrome, browserVersion: 90.0.4430.72, chrome: {chromedriverVersion: 89.0.4389.23 (61b08ee2c5002..., userDataDir: C:\Users\Akhila\AppData\Loc...}, goog:chromeOptions: {debuggerAddress: localhost:56030}, javascriptEnabled: true, networkConnectionEnabled: false, pageLoadStrategy: normal, platform: WINDOWS, platformName: WINDOWS, proxy: Proxy(), setWindowRect: true, strictFileInteractability: false, timeouts: {implicit: 0, pageLoad: 300000, script: 30000}, unhandledPromptBehavior: dismiss and notify, webauthn:extension:largeBlob: true, webauthn:virtualAuthenticators: true}
Session ID: 22f749a19bcfbbf1cb98058bac769d82
	at org.openqa.selenium.remote.http.W3CHttpResponseCodec.createException(W3CHttpResponseCodec.java:187)
	at org.openqa.selenium.remote.http.W3CHttpResponseCodec.decode(W3CHttpResponseCodec.java:122)
	at org.openqa.selenium.remote.http.W3CHttpResponseCodec.decode(W3CHttpResponseCodec.java:49)
	at org.openqa.selenium.remote.HttpCommandExecutor.execute(HttpCommandExecutor.java:158)
	at org.openqa.selenium.remote.service.DriverCommandExecutor.execute(DriverCommandExecutor.java:83)
	at org.openqa.selenium.remote.RemoteWebDriver.execute(RemoteWebDriver.java:543)
	at org.openqa.selenium.remote.RemoteWebDriver.execute(RemoteWebDriver.java:600)
	at org.openqa.selenium.remote.RemoteWebDriver.getScreenshotAs(RemoteWebDriver.java:289)
	at Reusable_Functions.Generic_function.takeScreenShot(Generic_function.java:81)
	at Signup_positive_scenarios.Signup_positive_scenarios.signup_positive_tc_007(Signup_positive_scenarios.java:122)
	at ?.user enters otp and clicks on verify user is navigated to the login page(file:///C:/Users/Akhila/Downloads/Framework-integrated-main%20(1)/Framework-integrated-main/src/main/java/Signup_positive_scenarios/Signup_positive_scenarios.feature:23)
... Removed 4 stack frames</pre></div><a href='#' onClick='toggleBox("stack-trace1783258637", this, "Click to show all stack frames", "Click to hide stack frames")'>Click to show all stack frames</a>
<div class='stack-trace' id='stack-trace1783258637'><pre>org.openqa.selenium.NoSuchWindowException: no such window: target window already closed
from unknown error: web view not found
  (Session info: chrome=90.0.4430.72)
Build info: version: &apos;3.12.0&apos;, revision: &apos;7c6e0b3&apos;, time: &apos;2018-05-08T14:04:26.12Z&apos;
System info: host: &apos;DELL-L4N91MT&apos;, ip: &apos;192.168.43.141&apos;, os.name: &apos;Windows 10&apos;, os.arch: &apos;amd64&apos;, os.version: &apos;10.0&apos;, java.version: &apos;1.8.0_281&apos;
Driver info: org.openqa.selenium.chrome.ChromeDriver
Capabilities {acceptInsecureCerts: false, browserName: chrome, browserVersion: 90.0.4430.72, chrome: {chromedriverVersion: 89.0.4389.23 (61b08ee2c5002..., userDataDir: C:\Users\Akhila\AppData\Loc...}, goog:chromeOptions: {debuggerAddress: localhost:56030}, javascriptEnabled: true, networkConnectionEnabled: false, pageLoadStrategy: normal, platform: WINDOWS, platformName: WINDOWS, proxy: Proxy(), setWindowRect: true, strictFileInteractability: false, timeouts: {implicit: 0, pageLoad: 300000, script: 30000}, unhandledPromptBehavior: dismiss and notify, webauthn:extension:largeBlob: true, webauthn:virtualAuthenticators: true}
Session ID: 22f749a19bcfbbf1cb98058bac769d82
	at sun.reflect.NativeConstructorAccessorImpl.newInstance0(Native Method)
	at sun.reflect.NativeConstructorAccessorImpl.newInstance(NativeConstructorAccessorImpl.java:62)
	at sun.reflect.DelegatingConstructorAccessorImpl.newInstance(DelegatingConstructorAccessorImpl.java:45)
	at java.lang.reflect.Constructor.newInstance(Constructor.java:423)
	at org.openqa.selenium.remote.http.W3CHttpResponseCodec.createException(W3CHttpResponseCodec.java:187)
	at org.openqa.selenium.remote.http.W3CHttpResponseCodec.decode(W3CHttpResponseCodec.java:122)
	at org.openqa.selenium.remote.http.W3CHttpResponseCodec.decode(W3CHttpResponseCodec.java:49)
	at org.openqa.selenium.remote.HttpCommandExecutor.execute(HttpCommandExecutor.java:158)
	at org.openqa.selenium.remote.service.DriverCommandExecutor.execute(DriverCommandExecutor.java:83)
	at org.openqa.selenium.remote.RemoteWebDriver.execute(RemoteWebDriver.java:543)
	at org.openqa.selenium.remote.RemoteWebDriver.execute(RemoteWebDriver.java:600)
	at org.openqa.selenium.remote.RemoteWebDriver.getScreenshotAs(RemoteWebDriver.java:289)
	at Reusable_Functions.Generic_function.takeScreenShot(Generic_function.java:81)
	at Signup_positive_scenarios.Signup_positive_scenarios.signup_positive_tc_007(Signup_positive_scenarios.java:122)
	at ?.user enters otp and clicks on verify user is navigated to the login page(file:///C:/Users/Akhila/Downloads/Framework-integrated-main%20(1)/Framework-integrated-main/src/main/java/Signup_positive_scenarios/Signup_positive_scenarios.feature:23)
</pre></div></td>
<td>7</td>
<td>Runner_Files.Signup_positive_scenarios_runner@2a17b7b6</td></tr>
</table><p>
<table width='100%' border='1' class='invocation-passed'>
<tr><td colspan='4' align='center'><b>PASSED TESTS</b></td></tr>
<tr><td><b>Test method</b></td>
<td width="30%"><b>Exception</b></td>
<td width="10%"><b>Time (seconds)</b></td>
<td><b>Instance</b></td>
</tr>
<tr>
<td title='Runner_Files.Signup_positive_scenarios_runner.runScenario()'><b>runScenario</b><br>Test class: Runner_Files.Signup_positive_scenarios_runner<br>Test method: Runs Cucumber Scenarios<br>Parameters: "Validate that the browser is lauched and user clicks on the Signup button and navigates to Signup page", "Optional[User must be able to Signup with valid credentials]"</td>
<td></td>
<td>37</td>
<td>Runner_Files.Signup_positive_scenarios_runner@2a17b7b6</td></tr>
<tr>
<td title='Runner_Files.Signup_positive_scenarios_runner.runScenario()'><b>runScenario</b><br>Test class: Runner_Files.Signup_positive_scenarios_runner<br>Test method: Runs Cucumber Scenarios<br>Parameters: "Validate that the user is navigated to thelogin page on clicking the login link", "Optional[User must be able to Signup with valid credentials]"</td>
<td></td>
<td>4</td>
<td>Runner_Files.Signup_positive_scenarios_runner@2a17b7b6</td></tr>
<tr>
<td title='Runner_Files.Signup_positive_scenarios_runner.runScenario()'><b>runScenario</b><br>Test class: Runner_Files.Signup_positive_scenarios_runner<br>Test method: Runs Cucumber Scenarios<br>Parameters: "Validate that the data entered in both Password and Confirm password fields are masked", "Optional[User must be able to Signup with valid credentials]"</td>
<td></td>
<td>3</td>
<td>Runner_Files.Signup_positive_scenarios_runner@2a17b7b6</td></tr>
<tr>
<td title='Runner_Files.Signup_positive_scenarios_runner.runScenario()'><b>runScenario</b><br>Test class: Runner_Files.Signup_positive_scenarios_runner<br>Test method: Runs Cucumber Scenarios<br>Parameters: "Validate that the password should be displayed on an eye click for Password fields", "Optional[User must be able to Signup with valid credentials]"</td>
<td></td>
<td>0</td>
<td>Runner_Files.Signup_positive_scenarios_runner@2a17b7b6</td></tr>
<tr>
<td title='Runner_Files.Signup_positive_scenarios_runner.runScenario()'><b>runScenario</b><br>Test class: Runner_Files.Signup_positive_scenarios_runner<br>Test method: Runs Cucumber Scenarios<br>Parameters: "Validate the Confirm password field by comparing data entered in the Password field", "Optional[User must be able to Signup with valid credentials]"</td>
<td></td>
<td>3</td>
<td>Runner_Files.Signup_positive_scenarios_runner@2a17b7b6</td></tr>
<tr>
<td title='Runner_Files.Signup_positive_scenarios_runner.runScenario()'><b>runScenario</b><br>Test class: Runner_Files.Signup_positive_scenarios_runner<br>Test method: Runs Cucumber Scenarios<br>Parameters: "Validate user is able to click on Sign Up with valid credentials", "Optional[User must be able to Signup with valid credentials]"</td>
<td></td>
<td>3</td>
<td>Runner_Files.Signup_positive_scenarios_runner@2a17b7b6</td></tr>
</table><p>
</body>
</html>